C:\USERS\DASHLEY2\DOCUMENTS\GITHUB\WHEELCHAIR-MODULE - COPY\BIN\RELEASE\WIN32\WMRA_MODULE.LIB
C:\USERS\DASHLEY2\DOCUMENTS\GITHUB\WHEELCHAIR-MODULE - COPY\BUILD\RELEASE\WIN32\CONFIGREADER.OBJ
C:\USERS\DASHLEY2\DOCUMENTS\GITHUB\WHEELCHAIR-MODULE - COPY\BUILD\RELEASE\WIN32\DMC-4143_CONTROLLER.OBJ
C:\USERS\DASHLEY2\DOCUMENTS\GITHUB\WHEELCHAIR-MODULE - COPY\BUILD\RELEASE\WIN32\SOCKSTREAM.OBJ
C:\USERS\DASHLEY2\DOCUMENTS\GITHUB\WHEELCHAIR-MODULE - COPY\BUILD\RELEASE\WIN32\VC100.PDB
C:\USERS\DASHLEY2\DOCUMENTS\GITHUB\WHEELCHAIR-MODULE - COPY\BUILD\RELEASE\WIN32\WHEELCHAIR_MODULE.OBJ
C:\USERS\DASHLEY2\DOCUMENTS\GITHUB\WHEELCHAIR-MODULE\BIN\RELEASE\WIN32\WMRA_MODULE.LIB
C:\Users\dashley2\Documents\GitHub\Wheelchair-Module\build\Release\Win32\cl.command.1.tlog
C:\Users\dashley2\Documents\GitHub\Wheelchair-Module\build\Release\Win32\CL.read.1.tlog
C:\Users\dashley2\Documents\GitHub\Wheelchair-Module\build\Release\Win32\CL.write.1.tlog
C:\Users\dashley2\Documents\GitHub\Wheelchair-Module\build\Release\Win32\ConfigReader.obj
C:\USERS\DASHLEY2\DOCUMENTS\GITHUB\WHEELCHAIR-MODULE\BUILD\RELEASE\WIN32\DMC-4143_CONTROLLER.OBJ
C:\Users\dashley2\Documents\GitHub\Wheelchair-Module\build\Release\Win32\lib.command.1.tlog
C:\Users\dashley2\Documents\GitHub\Wheelchair-Module\build\Release\Win32\Lib-link.read.1.tlog
C:\Users\dashley2\Documents\GitHub\Wheelchair-Module\build\Release\Win32\Lib-link.write.1.tlog
C:\USERS\DASHLEY2\DOCUMENTS\GITHUB\WHEELCHAIR-MODULE\BUILD\RELEASE\WIN32\SOCKSTREAM.OBJ
C:\USERS\DASHLEY2\DOCUMENTS\GITHUB\WHEELCHAIR-MODULE\BUILD\RELEASE\WIN32\VC100.PDB
C:\USERS\DASHLEY2\DOCUMENTS\GITHUB\WHEELCHAIR-MODULE\BUILD\RELEASE\WIN32\WHEELCHAIR_MODULE.OBJ
C:\Users\dashley2\Documents\GitHub\Wheelchair-Module\build\Release\Win32\WMRA-Mod.vcxprojResolveAssemblyReference.cache
C:\Users\dashley2\Documents\GitHub\Wheelchair-Module\build\Release\Win32\WMRA-Mod.write.1.tlog
C:\Users\dashley2\Documents\GitHub\Wheelchair-Module\vc10-lib\..\bin\Release\Win32\WMRA_module.lib
