Build started 12/11/2014 11:51:30 PM.
     1>Project "J:\Users\Drizzle005\Documents\GitHub\Wheelchair-Module\vc10-lib\WMRA-Mod.vcxproj" on node 2 (build target(s)).
     1>InitializeBuildStatus:
         Creating "J:\Users\Drizzle005\Documents\GitHub\Wheelchair-Module\vc10-lib\..\build\Release\Win32\WMRA-Mod.unsuccessfulbuild" because "AlwaysCreate" was specified.
       ClCompile:
         J:\Program Files (x86)\Microsoft Visual Studio 10.0\VC\bin\CL.exe /c /I"J:\Users\Drizzle005\Documents\GitHub\Wheelchair-Module\vc10-lib\..\include" /I"J:\Users\Drizzle005\Documents\GitHub\Wheelchair-Module\vc10-lib\..\3rdparty\SockStream\include" /Zi /nologo /W3 /WX- /O2 /Oi /Oy- /GL /D _UNICODE /D UNICODE /Gm- /EHsc /MD /GS /Gy /fp:precise /Zc:wchar_t /Zc:forScope /Fo"J:\Users\Drizzle005\Documents\GitHub\Wheelchair-Module\vc10-lib\..\build\Release\Win32\\" /Fd"J:\Users\Drizzle005\Documents\GitHub\Wheelchair-Module\vc10-lib\..\build\Release\Win32\vc100.pdb" /Gd /TP /analyze- /errorReport:prompt "..\src\DMC-4143_Controller.cpp"
         DMC-4143_Controller.cpp
     1>..\src\DMC-4143_Controller.cpp(57): warning C4996: 'strcpy': This function or variable may be unsafe. Consider using strcpy_s instead. To disable deprecation, use _CRT_SECURE_NO_WARNINGS. See online help for details.
                 J:\Program Files (x86)\Microsoft Visual Studio 10.0\VC\include\string.h(105) : see declaration of 'strcpy'
     1>..\src\DMC-4143_Controller.cpp(100): warning C4996: 'strncat': This function or variable may be unsafe. Consider using strncat_s instead. To disable deprecation, use _CRT_SECURE_NO_WARNINGS. See online help for details.
                 J:\Program Files (x86)\Microsoft Visual Studio 10.0\VC\include\string.h(175) : see declaration of 'strncat'
       Lib:
         J:\Program Files (x86)\Microsoft Visual Studio 10.0\VC\bin\Lib.exe /OUT:"J:\Users\Drizzle005\Documents\GitHub\Wheelchair-Module\vc10-lib\..\bin\Release\Win32\WMRA_module.lib" /NOLOGO /LTCG "J:\Users\Drizzle005\Documents\GitHub\Wheelchair-Module\vc10-lib\..\build\Release\Win32\SockStream.obj"
         "J:\Users\Drizzle005\Documents\GitHub\Wheelchair-Module\vc10-lib\..\build\Release\Win32\DMC-4143_Controller.obj"
         "J:\Users\Drizzle005\Documents\GitHub\Wheelchair-Module\vc10-lib\..\build\Release\Win32\Wheelchair_module.obj"
         WMRA-Mod.vcxproj -> J:\Users\Drizzle005\Documents\GitHub\Wheelchair-Module\vc10-lib\..\bin\Release\Win32\WMRA_module.lib
       FinalizeBuildStatus:
         Deleting file "J:\Users\Drizzle005\Documents\GitHub\Wheelchair-Module\vc10-lib\..\build\Release\Win32\WMRA-Mod.unsuccessfulbuild".
         Touching "J:\Users\Drizzle005\Documents\GitHub\Wheelchair-Module\vc10-lib\..\build\Release\Win32\WMRA-Mod.lastbuildstate".
     1>Done Building Project "J:\Users\Drizzle005\Documents\GitHub\Wheelchair-Module\vc10-lib\WMRA-Mod.vcxproj" (build target(s)).

Build succeeded.

Time Elapsed 00:00:02.02
