C:\USERS\DASHLEY2\DOCUMENTS\BT_SYNC\DANS CARRT WORK\WMRA-MOD-PROGRAM - COPY\BIN\RELEASE\WIN32\WMRA-MOD.LIB
C:\USERS\DASHLEY2\DOCUMENTS\BT_SYNC\DANS CARRT WORK\WMRA-MOD-PROGRAM - COPY\BUILD\RELEASE\WIN32\APPLICATION.OBJ
C:\USERS\DASHLEY2\DOCUMENTS\BT_SYNC\DANS CARRT WORK\WMRA-MOD-PROGRAM - COPY\BUILD\RELEASE\WIN32\ARM.OBJ
C:\Users\dashley2\Documents\BT_Sync\Dans CARRT Work\WMRA-Mod-Program - Copy\build\Release\Win32\cl.command.1.tlog
C:\Users\dashley2\Documents\BT_Sync\Dans CARRT Work\WMRA-Mod-Program - Copy\build\Release\Win32\CL.read.1.tlog
C:\Users\dashley2\Documents\BT_Sync\Dans CARRT Work\WMRA-Mod-Program - Copy\build\Release\Win32\CL.write.1.tlog
C:\USERS\DASHLEY2\DOCUMENTS\BT_SYNC\DANS CARRT WORK\WMRA-MOD-PROGRAM - COPY\BUILD\RELEASE\WIN32\CONFIGREADER.OBJ
C:\USERS\DASHLEY2\DOCUMENTS\BT_SYNC\DANS CARRT WORK\WMRA-MOD-PROGRAM - COPY\BUILD\RELEASE\WIN32\GALILCONTROLLER.OBJ
C:\USERS\DASHLEY2\DOCUMENTS\BT_SYNC\DANS CARRT WORK\WMRA-MOD-PROGRAM - COPY\BUILD\RELEASE\WIN32\JACOBIAN.OBJ
C:\USERS\DASHLEY2\DOCUMENTS\BT_SYNC\DANS CARRT WORK\WMRA-MOD-PROGRAM - COPY\BUILD\RELEASE\WIN32\KINEMATICS.OBJ
C:\Users\dashley2\Documents\BT_Sync\Dans CARRT Work\WMRA-Mod-Program - Copy\build\Release\Win32\lib.command.1.tlog
C:\Users\dashley2\Documents\BT_Sync\Dans CARRT Work\WMRA-Mod-Program - Copy\build\Release\Win32\Lib-link.read.1.tlog
C:\Users\dashley2\Documents\BT_Sync\Dans CARRT Work\WMRA-Mod-Program - Copy\build\Release\Win32\Lib-link.write.1.tlog
C:\USERS\DASHLEY2\DOCUMENTS\BT_SYNC\DANS CARRT WORK\WMRA-MOD-PROGRAM - COPY\BUILD\RELEASE\WIN32\MOTORCONTROLLER.OBJ
C:\USERS\DASHLEY2\DOCUMENTS\BT_SYNC\DANS CARRT WORK\WMRA-MOD-PROGRAM - COPY\BUILD\RELEASE\WIN32\OPTIMIZATION.OBJ
C:\USERS\DASHLEY2\DOCUMENTS\BT_SYNC\DANS CARRT WORK\WMRA-MOD-PROGRAM - COPY\BUILD\RELEASE\WIN32\SOCKETCONTROL.OBJ
C:\USERS\DASHLEY2\DOCUMENTS\BT_SYNC\DANS CARRT WORK\WMRA-MOD-PROGRAM - COPY\BUILD\RELEASE\WIN32\SOCKSTREAM.OBJ
C:\USERS\DASHLEY2\DOCUMENTS\BT_SYNC\DANS CARRT WORK\WMRA-MOD-PROGRAM - COPY\BUILD\RELEASE\WIN32\STRINGUTILITY.OBJ
C:\USERS\DASHLEY2\DOCUMENTS\BT_SYNC\DANS CARRT WORK\WMRA-MOD-PROGRAM - COPY\BUILD\RELEASE\WIN32\TINYTHREAD.OBJ
C:\USERS\DASHLEY2\DOCUMENTS\BT_SYNC\DANS CARRT WORK\WMRA-MOD-PROGRAM - COPY\BUILD\RELEASE\WIN32\TRAJECTORY.OBJ
C:\USERS\DASHLEY2\DOCUMENTS\BT_SYNC\DANS CARRT WORK\WMRA-MOD-PROGRAM - COPY\BUILD\RELEASE\WIN32\UTILITY.OBJ
C:\USERS\DASHLEY2\DOCUMENTS\BT_SYNC\DANS CARRT WORK\WMRA-MOD-PROGRAM - COPY\BUILD\RELEASE\WIN32\VC100.PDB
C:\USERS\DASHLEY2\DOCUMENTS\BT_SYNC\DANS CARRT WORK\WMRA-MOD-PROGRAM - COPY\BUILD\RELEASE\WIN32\WMRA_MODULE.OBJ
C:\Users\dashley2\Documents\BT_Sync\Dans CARRT Work\WMRA-Mod-Program - Copy\build\Release\Win32\WMRA-Mod.write.1.tlog
C:\Users\dashley2\Documents\BT_Sync\Dans CARRT Work\WMRA-Mod-Program - Copy\vc10-lib\..\bin\Release\Win32\WMRA-Mod.lib
